This is pdfTeX, Version 3.14159265-2.6-1.40.20 (MiKTeX 2.9.7000 64-bit) (preloaded format=pdflatex 2019.4.5)  6 OCT 2019 14:46
entering extended mode
**./IN3190_prosjekt.tex
(IN3190_prosjekt.tex
LaTeX2e <2018-12-01>
("C:\Users\Roshan\AppData\Local\Programs\MiKTeX 2.9\tex/latex/base\article.cls"
Document Class: article 2018/09/03 v1.4i Standard LaTeX document class
("C:\Users\Roshan\AppData\Local\Programs\MiKTeX 2.9\tex/latex/base\size11.clo"
File: size11.clo 2018/09/03 v1.4i Standard LaTeX file (size option)
)
\c@part=\count80
\c@section=\count81
\c@subsection=\count82
\c@subsubsection=\count83
\c@paragraph=\count84
\c@subparagraph=\count85
\c@figure=\count86
\c@table=\count87
\abovecaptionskip=\skip41
\belowcaptionskip=\skip42
\bibindent=\dimen102
)
("C:\Users\Roshan\AppData\Local\Programs\MiKTeX 2.9\tex/latex/base\inputenc.sty
"
Package: inputenc 2018/08/11 v1.3c Input encoding file
\inpenc@prehook=\toks14
\inpenc@posthook=\toks15
)
("C:\Users\Roshan\AppData\Local\Programs\MiKTeX 2.9\tex/latex/apacite\apacite.s
ty"
Package: apacite 2013/07/21 v6.03 APA citation
\c@BibCnt=\count88
\bibleftmargin=\skip43
\bibindent=\skip44
\bibparsep=\skip45
\bibitemsep=\skip46
\biblabelsep=\skip47
)
("C:\Users\Roshan\AppData\Local\Programs\MiKTeX 2.9\tex/latex/graphics\graphicx
.sty"
Package: graphicx 2017/06/01 v1.1a Enhanced LaTeX Graphics (DPC,SPQR)

("C:\Users\Roshan\AppData\Local\Programs\MiKTeX 2.9\tex/latex/graphics\keyval.s
ty"
Package: keyval 2014/10/28 v1.15 key=value parser (DPC)
\KV@toks@=\toks16
)
("C:\Users\Roshan\AppData\Local\Programs\MiKTeX 2.9\tex/latex/graphics\graphics
.sty"
Package: graphics 2017/06/25 v1.2c Standard LaTeX Graphics (DPC,SPQR)

("C:\Users\Roshan\AppData\Local\Programs\MiKTeX 2.9\tex/latex/graphics\trig.sty
"
Package: trig 2016/01/03 v1.10 sin cos tan (DPC)
)
("C:\Users\Roshan\AppData\Local\Programs\MiKTeX 2.9\tex/latex/graphics-cfg\grap
hics.cfg"
File: graphics.cfg 2016/06/04 v1.11 sample graphics configuration
)
Package graphics Info: Driver file: pdftex.def on input line 99.

("C:\Users\Roshan\AppData\Local\Programs\MiKTeX 2.9\tex/latex/graphics-def\pdft
ex.def"
File: pdftex.def 2018/01/08 v1.0l Graphics/color driver for pdftex
))
\Gin@req@height=\dimen103
\Gin@req@width=\dimen104
)
("C:\Users\Roshan\AppData\Local\Programs\MiKTeX 2.9\tex/latex/float\float.sty"
Package: float 2001/11/08 v1.3d Float enhancements (AL)
\c@float@type=\count89
\float@exts=\toks17
\float@box=\box27
\@float@everytoks=\toks18
\@floatcapt=\box28
)
("C:\Users\Roshan\AppData\Local\Programs\MiKTeX 2.9\tex/latex/listings\listings
.sty"
\lst@mode=\count90
\lst@gtempboxa=\box29
\lst@token=\toks19
\lst@length=\count91
\lst@currlwidth=\dimen105
\lst@column=\count92
\lst@pos=\count93
\lst@lostspace=\dimen106
\lst@width=\dimen107
\lst@newlines=\count94
\lst@lineno=\count95
\lst@maxwidth=\dimen108

("C:\Users\Roshan\AppData\Local\Programs\MiKTeX 2.9\tex/latex/listings\lstmisc.
sty"
File: lstmisc.sty 2019/02/27 1.8b (Carsten Heinz)
\c@lstnumber=\count96
\lst@skipnumbers=\count97
\lst@framebox=\box30
)
("C:\Users\Roshan\AppData\Local\Programs\MiKTeX 2.9\tex/latex/listings\listings
.cfg"
File: listings.cfg 2019/02/27 1.8b listings configuration
))
Package: listings 2019/02/27 1.8b (Carsten Heinz)

("C:\Users\Roshan\AppData\Local\Programs\MiKTeX 2.9\tex/latex/amsmath\amsmath.s
ty"
Package: amsmath 2018/12/01 v2.17b AMS math features
\@mathmargin=\skip48

For additional information on amsmath, use the `?' option.

("C:\Users\Roshan\AppData\Local\Programs\MiKTeX 2.9\tex/latex/amsmath\amstext.s
ty"
Package: amstext 2000/06/29 v2.01 AMS text

("C:\Users\Roshan\AppData\Local\Programs\MiKTeX 2.9\tex/latex/amsmath\amsgen.st
y"
File: amsgen.sty 1999/11/30 v2.0 generic functions
\@emptytoks=\toks20
\ex@=\dimen109
))
("C:\Users\Roshan\AppData\Local\Programs\MiKTeX 2.9\tex/latex/amsmath\amsbsy.st
y"
Package: amsbsy 1999/11/29 v1.2d Bold Symbols
\pmbraise@=\dimen110
)
("C:\Users\Roshan\AppData\Local\Programs\MiKTeX 2.9\tex/latex/amsmath\amsopn.st
y"
Package: amsopn 2016/03/08 v2.02 operator names
)
\inf@bad=\count98
LaTeX Info: Redefining \frac on input line 223.
\uproot@=\count99
\leftroot@=\count100
LaTeX Info: Redefining \overline on input line 385.
\classnum@=\count101
\DOTSCASE@=\count102
LaTeX Info: Redefining \ldots on input line 482.
LaTeX Info: Redefining \dots on input line 485.
LaTeX Info: Redefining \cdots on input line 606.
\Mathstrutbox@=\box31
\strutbox@=\box32
\big@size=\dimen111
LaTeX Font Info:    Redeclaring font encoding OML on input line 729.
LaTeX Font Info:    Redeclaring font encoding OMS on input line 730.
\macc@depth=\count103
\c@MaxMatrixCols=\count104
\dotsspace@=\muskip10
\c@parentequation=\count105
\dspbrk@lvl=\count106
\tag@help=\toks21
\row@=\count107
\column@=\count108
\maxfields@=\count109
\andhelp@=\toks22
\eqnshift@=\dimen112
\alignsep@=\dimen113
\tagshift@=\dimen114
\tagwidth@=\dimen115
\totwidth@=\dimen116
\lineht@=\dimen117
\@envbody=\toks23
\multlinegap=\skip49
\multlinetaggap=\skip50
\mathdisplay@stack=\toks24
LaTeX Info: Redefining \[ on input line 2844.
LaTeX Info: Redefining \] on input line 2845.
)
("C:\Users\Roshan\AppData\Local\Programs\MiKTeX 2.9\tex/latex/geometry\geometry
.sty"
Package: geometry 2018/04/16 v5.8 Page Geometry

("C:\Users\Roshan\AppData\Local\Programs\MiKTeX 2.9\tex/generic/oberdiek\ifpdf.
sty"
Package: ifpdf 2018/09/07 v3.3 Provides the ifpdf switch
)
("C:\Users\Roshan\AppData\Local\Programs\MiKTeX 2.9\tex/generic/oberdiek\ifvtex
.sty"
Package: ifvtex 2016/05/16 v1.6 Detect VTeX and its facilities (HO)
Package ifvtex Info: VTeX not detected.
)
("C:\Users\Roshan\AppData\Local\Programs\MiKTeX 2.9\tex/generic/ifxetex\ifxetex
.sty"
Package: ifxetex 2010/09/12 v0.6 Provides ifxetex conditional
)
\Gm@cnth=\count110
\Gm@cntv=\count111
\c@Gm@tempcnt=\count112
\Gm@bindingoffset=\dimen118
\Gm@wd@mp=\dimen119
\Gm@odd@mp=\dimen120
\Gm@even@mp=\dimen121
\Gm@layoutwidth=\dimen122
\Gm@layoutheight=\dimen123
\Gm@layouthoffset=\dimen124
\Gm@layoutvoffset=\dimen125
\Gm@dimlist=\toks25

("C:\Users\Roshan\AppData\Local\Programs\MiKTeX 2.9\tex/latex/geometry\geometry
.cfg"))
("C:\Users\Roshan\AppData\Local\Programs\MiKTeX 2.9\tex/latex/algorithms\algori
thm.sty"
Package: algorithm 2009/08/24 v0.1 Document Style `algorithm' - floating enviro
nment

("C:\Users\Roshan\AppData\Local\Programs\MiKTeX 2.9\tex/latex/base\ifthen.sty"
Package: ifthen 2014/09/29 v1.1c Standard LaTeX ifthen package (DPC)
)
\@float@every@algorithm=\toks26
\c@algorithm=\count113
) (IN3190_prosjekt.aux)
\openout1 = `IN3190_prosjekt.aux'.

LaTeX Font Info:    Checking defaults for OML/cmm/m/it on input line 13.
LaTeX Font Info:    ... okay on input line 13.
LaTeX Font Info:    Checking defaults for T1/cmr/m/n on input line 13.
LaTeX Font Info:    ... okay on input line 13.
LaTeX Font Info:    Checking defaults for OT1/cmr/m/n on input line 13.
LaTeX Font Info:    ... okay on input line 13.
LaTeX Font Info:    Checking defaults for OMS/cmsy/m/n on input line 13.
LaTeX Font Info:    ... okay on input line 13.
LaTeX Font Info:    Checking defaults for OMX/cmex/m/n on input line 13.
LaTeX Font Info:    ... okay on input line 13.
LaTeX Font Info:    Checking defaults for U/cmr/m/n on input line 13.
LaTeX Font Info:    ... okay on input line 13.
\c@maskedRefs=\count114

("C:\Users\Roshan\AppData\Local\Programs\MiKTeX 2.9\tex/latex/apacite\english.a
pc"
File: english.apc 2013/07/21 v6.03 apacite language file
LaTeX Info: Redefining \BPBI on input line 129.
LaTeX Info: Redefining \BHBI on input line 130.
)
("C:\Users\Roshan\AppData\Local\Programs\MiKTeX 2.9\tex/context/base/mkii\supp-
pdf.mkii"
[Loading MPS to PDF converter (version 2006.09.02).]
\scratchcounter=\count115
\scratchdimen=\dimen126
\scratchbox=\box33
\nofMPsegments=\count116
\nofMParguments=\count117
\everyMPshowfont=\toks27
\MPscratchCnt=\count118
\MPscratchDim=\dimen127
\MPnumerator=\count119
\makeMPintoPDFobject=\count120
\everyMPtoPDFconversion=\toks28
)
("C:\Users\Roshan\AppData\Local\Programs\MiKTeX 2.9\tex/latex/oberdiek\epstopdf
-base.sty"
Package: epstopdf-base 2016/05/15 v2.6 Base part for package epstopdf

("C:\Users\Roshan\AppData\Local\Programs\MiKTeX 2.9\tex/generic/oberdiek\infwar
err.sty"
Package: infwarerr 2016/05/16 v1.4 Providing info/warning/error messages (HO)
)
("C:\Users\Roshan\AppData\Local\Programs\MiKTeX 2.9\tex/latex/oberdiek\grfext.s
ty"
Package: grfext 2016/05/16 v1.2 Manage graphics extensions (HO)

("C:\Users\Roshan\AppData\Local\Programs\MiKTeX 2.9\tex/generic/oberdiek\kvdefi
nekeys.sty"
Package: kvdefinekeys 2016/05/16 v1.4 Define keys (HO)

("C:\Users\Roshan\AppData\Local\Programs\MiKTeX 2.9\tex/generic/oberdiek\ltxcmd
s.sty"
Package: ltxcmds 2016/05/16 v1.23 LaTeX kernel commands for general use (HO)
)))
("C:\Users\Roshan\AppData\Local\Programs\MiKTeX 2.9\tex/latex/oberdiek\kvoption
s.sty"
Package: kvoptions 2016/05/16 v3.12 Key value format for package options (HO)

("C:\Users\Roshan\AppData\Local\Programs\MiKTeX 2.9\tex/generic/oberdiek\kvsetk
eys.sty"
Package: kvsetkeys 2016/05/16 v1.17 Key value parser (HO)

("C:\Users\Roshan\AppData\Local\Programs\MiKTeX 2.9\tex/generic/oberdiek\etexcm
ds.sty"
Package: etexcmds 2016/05/16 v1.6 Avoid name clashes with e-TeX commands (HO)

("C:\Users\Roshan\AppData\Local\Programs\MiKTeX 2.9\tex/generic/oberdiek\ifluat
ex.sty"
Package: ifluatex 2016/05/16 v1.4 Provides the ifluatex switch (HO)
Package ifluatex Info: LuaTeX not detected.
))))
("C:\Users\Roshan\AppData\Local\Programs\MiKTeX 2.9\tex/generic/oberdiek\pdftex
cmds.sty"
Package: pdftexcmds 2018/09/10 v0.29 Utility functions of pdfTeX for LuaTeX (HO
)
Package pdftexcmds Info: LuaTeX not detected.
Package pdftexcmds Info: \pdf@primitive is available.
Package pdftexcmds Info: \pdf@ifprimitive is available.
Package pdftexcmds Info: \pdfdraftmode found.
)
Package epstopdf-base Info: Redefining graphics rule for `.eps' on input line 4
38.
Package grfext Info: Graphics extension search list:
(grfext)             [.pdf,.png,.jpg,.mps,.jpeg,.jbig2,.jb2,.PDF,.PNG,.JPG,.JPE
G,.JBIG2,.JB2,.eps]
(grfext)             \AppendGraphicsExtensions on input line 456.
)
\c@lstlisting=\count121

*geometry* driver: auto-detecting
*geometry* detected driver: pdftex
*geometry* verbose mode - [ preamble ] result:
* driver: pdftex
* paper: <default>
* layout: <same size as paper>
* layoutoffset:(h,v)=(0.0pt,0.0pt)
* modes: 
* h-part:(L,W,R)=(113.81102pt, 386.67296pt, 113.81102pt)
* v-part:(T,H,B)=(113.81102pt, 567.34795pt, 113.81102pt)
* \paperwidth=614.295pt
* \paperheight=794.96999pt
* \textwidth=386.67296pt
* \textheight=567.34795pt
* \oddsidemargin=41.54103pt
* \evensidemargin=41.54103pt
* \topmargin=4.54103pt
* \headheight=12.0pt
* \headsep=25.0pt
* \topskip=11.0pt
* \footskip=30.0pt
* \marginparwidth=59.0pt
* \marginparsep=10.0pt
* \columnsep=10.0pt
* \skip\footins=10.0pt plus 4.0pt minus 2.0pt
* \hoffset=0.0pt
* \voffset=0.0pt
* \mag=1000
* \@twocolumnfalse
* \@twosidefalse
* \@mparswitchfalse
* \@reversemarginfalse
* (1in=72.27pt=25.4mm, 1cm=28.453pt)

<1c_xh.png, id=1, 406.51875pt x 312.41719pt>
File: 1c_xh.png Graphic file (type png)
<use 1c_xh.png>
Package pdftex.def Info: 1c_xh.png  used on input line 22.
(pdftex.def)             Requested size: 365.86348pt x 281.17285pt.
<1c_hfrek.png, id=3, 380.17032pt x 311.66437pt>
File: 1c_hfrek.png Graphic file (type png)
<use 1c_hfrek.png>
Package pdftex.def Info: 1c_hfrek.png  used on input line 27.
(pdftex.def)             Requested size: 342.15012pt x 280.49533pt.
[1

{C:/Users/Roshan/AppData/Local/MiKTeX/2.9/pdftex/config/pdftex.map} <./1c_xh.pn
g>]
<2a_firtid.png, id=12, 386.94562pt x 307.90031pt>
File: 2a_firtid.png Graphic file (type png)
<use 2a_firtid.png>
Package pdftex.def Info: 2a_firtid.png  used on input line 35.
(pdftex.def)             Requested size: 348.24783pt x 277.10771pt.
 [2 <./1c_hfrek.png>]
<2a_firfrek.png, id=17, 390.70969pt x 309.40594pt>
File: 2a_firfrek.png Graphic file (type png)
<use 2a_firfrek.png>
Package pdftex.def Info: 2a_firfrek.png  used on input line 40.
(pdftex.def)             Requested size: 351.63547pt x 278.46277pt.
 [3 <./2a_firtid.png>] [4 <./2a_firfrek.png>]
(IN3190_prosjekt.aux) ) 
Here is how much of TeX's memory you used:
 4486 strings out of 492945
 63754 string characters out of 3125809
 139136 words of memory out of 3000000
 8328 multiletter control sequences out of 15000+200000
 7649 words of font info for 28 fonts, out of 3000000 for 9000
 1141 hyphenation exceptions out of 8191
 41i,7n,32p,579b,239s stack positions out of 5000i,500n,10000p,200000b,50000s
<C:/Users/Roshan/AppData/Local/Programs/MiKTeX 2.9/fonts
/type1/public/amsfonts/cm/cmr10.pfb><C:/Users/Roshan/AppData/Local/Programs/MiK
TeX 2.9/fonts/type1/public/amsfonts/cm/cmr12.pfb><C:/Users/Roshan/AppData/Local
/Programs/MiKTeX 2.9/fonts/type1/public/amsfonts/cm/cmr17.pfb>
Output written on IN3190_prosjekt.pdf (4 pages, 111120 bytes).
PDF statistics:
 36 PDF objects out of 1000 (max. 8388607)
 0 named destinations out of 1000 (max. 500000)
 21 words of extra memory for PDF output out of 10000 (max. 10000000)

